Added Component: Designator=C22(CAPC1608X90N)
Add component (AddParameter): Name = "Digi-Key_Part_Number"; Value = "587-6004-1-ND"; VariantName = "[No Variations]"
Add component (AddParameter): Name = "Digi-Key_Purchase_URL"; Value = "https://www.digikey.in/product-detail/en/taiyo-yuden/EMK107B7104KAHT/587-6004-1-ND/8040667?utm_source=snapeda&utm_medium=aggregator&utm_campaign=symbol"; VariantName = "[No Variations]"
Add component (AddParameter): Name = "MF"; Value = "Taiyo Yuden"; VariantName = "[No Variations]"
Add component (AddParameter): Name = "MP"; Value = "EMK107B7104KAHT"; VariantName = "[No Variations]"
Add component (AddParameter): Name = "Package"; Value = "1608 Taiyo Yuden"; VariantName = "[No Variations]"
Add component (AddParameter): Name = "SnapEDA_Link"; Value = "https://www.snapeda.com/parts/EMK107B7104KAHT/Taiyo%20Yuden/view-part/588112/?ref=snap"; VariantName = "[No Variations]"
Add component (AddParameter): Name = "Value"; Value = ""; VariantName = "[No Variations]"
Added Component: Designator=R35(RESC3116X60N)
Add component (AddParameter): Name = "Availability"; Value = "Unavailable"; VariantName = "[No Variations]"
Add component (AddParameter): Name = "MF"; Value = ""; VariantName = "[No Variations]"
Add component (AddParameter): Name = "MP"; Value = "CRCW120610K0DHEAP"; VariantName = "[No Variations]"
Add component (AddParameter): Name = "Package"; Value = "None"; VariantName = "[No Variations]"
Add component (AddParameter): Name = "Price"; Value = "None"; VariantName = "[No Variations]"
Add component (AddParameter): Name = "Value"; Value = ""; VariantName = "[No Variations]"
Added Component: Designator=U11(SOP65P640X120-14N)
Add component (AddParameter): Name = "Availability"; Value = "Unavailable"; VariantName = "[No Variations]"
Add component (AddParameter): Name = "MF"; Value = ""; VariantName = "[No Variations]"
Add component (AddParameter): Name = "MP"; Value = "SN74HC08PW"; VariantName = "[No Variations]"
Add component (AddParameter): Name = "Package"; Value = "None"; VariantName = "[No Variations]"
Add component (AddParameter): Name = "Price"; Value = "None"; VariantName = "[No Variations]"
Add component (AddParameter): Name = "Value"; Value = ""; VariantName = "[No Variations]"
Added Pin To Net: NetName=GND Pin=C22-1
Added Pin To Net: NetName=+5 Pin=C22-2
Added Pin To Net: NetName=+5 Pin=R35-2
Added Pin To Net: NetName=RESET Pin=U2-2
Added Pin To Net: NetName=GND Pin=U11-7
Added Pin To Net: NetName=+5 Pin=U11-14
Added Pin To Net: NetName=BINA Pin=U2-10
Added Pin To Net: NetName=BINA Pin=U4-1
Added Pin To Net: NetName=BINA Pin=U11-1
Added Net: Name=BINA
Added Pin To Net: NetName=BINB Pin=U2-8
Added Pin To Net: NetName=BINB Pin=U4-6
Added Pin To Net: NetName=BINB Pin=U11-2
Added Net: Name=BINB
Added Pin To Net: NetName=INC Pin=U2-1
Added Pin To Net: NetName=INC Pin=U2-12
Added Pin To Net: NetName=INC Pin=U11-3
Added Net: Name=INC
Added Pin To Net: NetName=NetR35_1 Pin=R35-1
Added Pin To Net: NetName=NetR35_1 Pin=U11-4
Added Pin To Net: NetName=NetR35_1 Pin=U11-5
Added Pin To Net: NetName=NetR35_1 Pin=U11-9
Added Pin To Net: NetName=NetR35_1 Pin=U11-10
Added Pin To Net: NetName=NetR35_1 Pin=U11-12
Added Pin To Net: NetName=NetR35_1 Pin=U11-13
Added Net: Name=NetR35_1
Added Pin To Net: NetName=SCORE Pin=U2-13
Added Net: Name=SCORE
Added Member To Class: ClassName=Schematic Member=Component C22 0.1uF
Added Member To Class: ClassName=Schematic Member=Component R35 10k Ohm
Added Member To Class: ClassName=Schematic Member=Component U11 SN74HC08PW
